<?xml version="1.0" encoding="UTF-8"?>
<!-- Generated by org.testng.reporters.JUnitReportReporter -->
<testsuite skipped="0" hostname="welcome-PC" name="testNG.InvocationCountTest" tests="10" failures="0" timestamp="26 May 2019 21:27:53 GMT" time="0.208" errors="0">
  <testcase name="sum" time="0.020" classname="testNG.InvocationCountTest"/>
  <testcase name="sum" time="0.014" classname="testNG.InvocationCountTest"/>
  <testcase name="sum" time="0.013" classname="testNG.InvocationCountTest"/>
  <testcase name="sum" time="0.008" classname="testNG.InvocationCountTest"/>
  <testcase name="sum" time="0.004" classname="testNG.InvocationCountTest"/>
  <testcase name="sum" time="0.022" classname="testNG.InvocationCountTest"/>
  <testcase name="sum" time="0.013" classname="testNG.InvocationCountTest"/>
  <testcase name="sum" time="0.072" classname="testNG.InvocationCountTest"/>
  <testcase name="sum" time="0.026" classname="testNG.InvocationCountTest"/>
  <testcase name="sum" time="0.016" classname="testNG.InvocationCountTest"/>
</testsuite> <!-- testNG.InvocationCountTest -->
