<?xml version="1.0" encoding="UTF-8"?>
<!-- Generated by org.testng.reporters.JUnitReportReporter -->
<testsuite skipped="1" hostname="welcome-PC" name="testNG.TestTestNGAttributes" tests="6" failures="0" timestamp="06 May 2019 11:59:53 GMT" time="0.046" errors="0">
  <testcase name="e" time="0.003" classname="testNG.TestTestNGAttributes"/>
  <testcase name="d" time="0.026" classname="testNG.TestTestNGAttributes"/>
  <testcase name="m" time="0.006" classname="testNG.TestTestNGAttributes"/>
  <testcase name="f" time="0.002" classname="testNG.TestTestNGAttributes"/>
  <testcase name="o" time="0.009" classname="testNG.TestTestNGAttributes"/>
  <testcase name="h" classname="testNG.TestTestNGAttributes">
    <skipped/>
  </testcase> <!-- h -->
</testsuite> <!-- testNG.TestTestNGAttributes -->
