<?xml version="1.0" encoding="UTF-8"?>
<!-- Generated by org.testng.reporters.JUnitReportReporter -->
<testsuite skipped="0" hostname="welcome-PC" name="testNG.TestAnnotations" tests="2" failures="0" timestamp="06 May 2019 12:42:24 GMT" time="0.032" errors="0">
  <testcase name="f1" time="0.017" classname="testNG.TestAnnotations"/>
  <testcase name="f2" time="0.015" classname="testNG.TestAnnotations"/>
</testsuite> <!-- testNG.TestAnnotations -->
