<?xml version="1.0" encoding="UTF-8"?>
<!-- Generated by org.testng.reporters.JUnitReportReporter -->
<testsuite skipped="0" hostname="welcome-PC" name="com.dataDriven.halfEbayTest" tests="4" failures="0" timestamp="08 Jun 2019 04:30:15 GMT" time="33.894" errors="0">
  <testcase name="halfEbayRegTestPage" time="7.662" classname="com.dataDriven.halfEbayTest"/>
  <testcase name="halfEbayRegTestPage" time="7.865" classname="com.dataDriven.halfEbayTest"/>
  <testcase name="halfEbayRegTestPage" time="6.548" classname="com.dataDriven.halfEbayTest"/>
  <testcase name="halfEbayRegTestPage" time="11.819" classname="com.dataDriven.halfEbayTest"/>
</testsuite> <!-- com.dataDriven.halfEbayTest -->
