<?xml version="1.0" encoding="UTF-8"?>
<!-- Generated by org.testng.reporters.JUnitReportReporter -->
<testsuite skipped="0" hostname="welcome-PC" name="testNG.TestGroupingNew" tests="1" failures="0" timestamp="06 May 2019 12:58:51 GMT" time="0.029" errors="0">
  <testcase name="f2" time="0.029" classname="testNG.TestGroupingNew"/>
</testsuite> <!-- testNG.TestGroupingNew -->
