<?xml version="1.0" encoding="UTF-8"?>
<!-- Generated by org.testng.reporters.JUnitReportReporter -->
<testsuite skipped="0" hostname="welcome-PC" name="testNG.TestNGFeatures" tests="4" failures="0" timestamp="26 May 2019 21:18:06 GMT" time="0.109" errors="0">
  <testcase name="searchPageTest" time="0.028" classname="testNG.TestNGFeatures"/>
  <testcase name="homePageTest" time="0.010" classname="testNG.TestNGFeatures"/>
  <testcase name="regPageTest" time="0.017" classname="testNG.TestNGFeatures"/>
  <testcase name="loginTest" time="0.054" classname="testNG.TestNGFeatures"/>
</testsuite> <!-- testNG.TestNGFeatures -->
