<?xml version="1.0" encoding="UTF-8"?>
<!-- Generated by org.testng.reporters.JUnitReportReporter -->
<testsuite skipped="0" hostname="welcome-PC" name="com.parameters.ParameterTest" tests="1" failures="0" timestamp="07 May 2019 00:28:38 GMT" time="16.898" errors="0">
  <testcase name="yahooLoginTest" time="16.898" classname="com.parameters.ParameterTest"/>
</testsuite> <!-- com.parameters.ParameterTest -->
