<?xml version="1.0" encoding="UTF-8"?>
<!-- Generated by org.testng.reporters.JUnitReportReporter -->
<testsuite skipped="0" hostname="welcome-PC" name="testNG.ExceptionTimeOutTest" tests="1" failures="0" timestamp="26 May 2019 21:36:18 GMT" time="0.050" errors="0">
  <testcase name="test1" time="0.050" classname="testNG.ExceptionTimeOutTest"/>
</testsuite> <!-- testNG.ExceptionTimeOutTest -->
