<?xml version="1.0" encoding="UTF-8"?>
<!-- Generated by org.testng.reporters.JUnitReportReporter -->
<testsuite skipped="0" hostname="welcome-PC" name="advanceSeleniumConcepts.DownloadFileConcept" tests="1" failures="0" timestamp="29 Jun 2019 15:48:16 GMT" time="39.719" errors="0">
  <testcase name="downloadFileTest" time="39.719" classname="advanceSeleniumConcepts.DownloadFileConcept"/>
</testsuite> <!-- advanceSeleniumConcepts.DownloadFileConcept -->
