<?xml version="1.0" encoding="UTF-8"?>
<!-- Generated by org.testng.reporters.JUnitReportReporter -->
<testsuite skipped="0" hostname="welcome-PC" name="testNG.TestDependencyUsingFB" tests="2" failures="0" timestamp="06 May 2019 21:16:35 GMT" time="23.718" errors="0">
  <testcase name="loginToFB" time="5.145" classname="testNG.TestDependencyUsingFB"/>
  <testcase name="openBrowser" time="18.573" classname="testNG.TestDependencyUsingFB"/>
</testsuite> <!-- testNG.TestDependencyUsingFB -->
