<?xml version="1.0" encoding="UTF-8"?>
<!-- Generated by org.testng.reporters.JUnitReportReporter -->
<testsuite skipped="0" hostname="welcome-PC" name="testNG.TestNGBasics" tests="3" failures="0" timestamp="06 May 2019 22:56:27 GMT" time="0.035" errors="0">
  <testcase name="googleTitleTest" time="0.006" classname="testNG.TestNGBasics"/>
  <testcase name="googleLogoTest" time="0.022" classname="testNG.TestNGBasics"/>
  <testcase name="searchTest" time="0.007" classname="testNG.TestNGBasics"/>
</testsuite> <!-- testNG.TestNGBasics -->
