<?xml version="1.0" encoding="UTF-8"?>
<!-- Generated by org.testng.reporters.JUnitReportReporter -->
<testsuite skipped="0" hostname="welcome-PC" name="testNG.TestGrouping" tests="4" failures="0" timestamp="06 May 2019 12:58:51 GMT" time="0.010" errors="0">
  <testcase name="m2" time="0.003" classname="testNG.TestGrouping"/>
  <testcase name="m3" time="0.002" classname="testNG.TestGrouping"/>
  <testcase name="m1" time="0.003" classname="testNG.TestGrouping"/>
  <testcase name="m4" time="0.002" classname="testNG.TestGrouping"/>
</testsuite> <!-- testNG.TestGrouping -->
